{"C:\\Users\\ADMIN\\Desktop\\ci-project\\CI-Base-Project\\src\\index.js": {"path":"C:\\Users\\ADMIN\\Desktop\\ci-project\\CI-Base-Project\\src\\index.js","statementMap":{"0":{"start":{"line":2,"column":0},"end":{"line":2,"column":62}},"1":{"start":{"line":3,"column":0},"end":{"line":3,"column":21}},"2":{"start":{"line":4,"column":12},"end":{"line":4,"column":27}},"3":{"start":{"line":4,"column":22},"end":{"line":4,"column":27}},"4":{"start":{"line":5,"column":0},"end":{"line":5,"column":18}}},"fnMap":{"0":{"name":"(anonymous_0)","decl":{"start":{"line":4,"column":12},"end":{"line":4,"column":13}},"loc":{"start":{"line":4,"column":22},"end":{"line":4,"column":27}},"line":4}},"branchMap":{},"s":{"0":2,"1":2,"2":2,"3":2,"4":2},"f":{"0":2},"b":{},"inputSourceMap":null,"_coverageSchema":"1a1c01bbd47fc00a2c39e90264f33305004495a9","hash":"c08ad8c6b4f552b0c2fa9dcd3ebdb3f3d727c843"}
}
